[debug] [2025-02-18T11:28:33.099Z] ----------------------------------------------------------------------
[debug] [2025-02-18T11:28:33.102Z] Command:       C:\Program Files\nodejs\node.exe C:\Users\tingtinghu321\AppData\Roaming\npm\node_modules\firebase-tools\lib\bin\firebase.js init functions
[debug] [2025-02-18T11:28:33.103Z] CLI Version:   13.31.1
[debug] [2025-02-18T11:28:33.103Z] Platform:      win32
[debug] [2025-02-18T11:28:33.103Z] Node Version:  v22.11.0
[debug] [2025-02-18T11:28:33.103Z] Time:          Tue Feb 18 2025 19:28:33 GMT+0800 (台北標準時間)
[debug] [2025-02-18T11:28:33.103Z] ----------------------------------------------------------------------
[debug] 
[debug] [2025-02-18T11:28:33.110Z] > command requires scopes: ["email","openid","https://www.googleapis.com/auth/cloudplatformprojects.readonly","https://www.googleapis.com/auth/firebase","https://www.googleapis.com/auth/cloud-platform"]
[debug] [2025-02-18T11:28:33.111Z] > authorizing via signed-in user (yutinghu813@gmail.com)
[info] 
     ######## #### ########  ######## ########     ###     ######  ########
     ##        ##  ##     ## ##       ##     ##  ##   ##  ##       ##
     ######    ##  ########  ######   ########  #########  ######  ######
     ##        ##  ##    ##  ##       ##     ## ##     ##       ## ##
     ##       #### ##     ## ######## ########  ##     ##  ######  ########

You're about to initialize a Firebase project in this directory:

  C:\Users\tingtinghu321\Desktop\code\netflix-clone

[info] 
=== Project Setup
[info] 
[info] First, let's associate this project directory with a Firebase project.
[info] You can create multiple project aliases by running firebase use --add, 
[info] but for now we'll just set up a default project.
[info] 
[debug] [2025-02-18T11:30:05.570Z] Checked if tokens are valid: true, expires at: 1739879255906
[debug] [2025-02-18T11:30:05.571Z] Checked if tokens are valid: true, expires at: 1739879255906
[debug] [2025-02-18T11:30:05.572Z] >>> [apiv2][query] GET https://firebase.googleapis.com/v1beta1/projects pageSize=100
[debug] [2025-02-18T11:30:06.144Z] <<< [apiv2][status] GET https://firebase.googleapis.com/v1beta1/projects 200
[debug] [2025-02-18T11:30:06.144Z] <<< [apiv2][body] GET https://firebase.googleapis.com/v1beta1/projects [omitted]
[info] i  Using project netflix-clone-22a83 (netflix-clone) 
[info] 
=== Functions Setup
[debug] [2025-02-18T11:30:16.677Z] > command requires scopes: ["email","openid","https://www.googleapis.com/auth/cloudplatformprojects.readonly","https://www.googleapis.com/auth/firebase","https://www.googleapis.com/auth/cloud-platform"]
[debug] [2025-02-18T11:30:16.677Z] > authorizing via signed-in user (yutinghu813@gmail.com)
[debug] [2025-02-18T11:30:16.677Z] [iam] checking project netflix-clone-22a83 for permissions ["firebase.projects.get"]
[debug] [2025-02-18T11:30:16.677Z] Checked if tokens are valid: true, expires at: 1739879255906
[debug] [2025-02-18T11:30:16.677Z] Checked if tokens are valid: true, expires at: 1739879255906
[debug] [2025-02-18T11:30:16.677Z] >>> [apiv2][query] POST https://cloudresourcemanager.googleapis.com/v1/projects/netflix-clone-22a83:testIamPermissions [none]
[debug] [2025-02-18T11:30:16.677Z] >>> [apiv2][(partial)header] POST https://cloudresourcemanager.googleapis.com/v1/projects/netflix-clone-22a83:testIamPermissions x-goog-quota-user=projects/netflix-clone-22a83
[debug] [2025-02-18T11:30:16.677Z] >>> [apiv2][body] POST https://cloudresourcemanager.googleapis.com/v1/projects/netflix-clone-22a83:testIamPermissions {"permissions":["firebase.projects.get"]}
[debug] [2025-02-18T11:30:17.663Z] <<< [apiv2][status] POST https://cloudresourcemanager.googleapis.com/v1/projects/netflix-clone-22a83:testIamPermissions 200
[debug] [2025-02-18T11:30:17.663Z] <<< [apiv2][body] POST https://cloudresourcemanager.googleapis.com/v1/projects/netflix-clone-22a83:testIamPermissions {"permissions":["firebase.projects.get"]}
[debug] [2025-02-18T11:30:17.664Z] Checked if tokens are valid: true, expires at: 1739879255906
[debug] [2025-02-18T11:30:17.664Z] Checked if tokens are valid: true, expires at: 1739879255906
[debug] [2025-02-18T11:30:17.664Z] Checked if tokens are valid: true, expires at: 1739879255906
[debug] [2025-02-18T11:30:17.664Z] Checked if tokens are valid: true, expires at: 1739879255906
[debug] [2025-02-18T11:30:17.664Z] >>> [apiv2][query] GET https://serviceusage.googleapis.com/v1/projects/netflix-clone-22a83/services/cloudfunctions.googleapis.com [none]
[debug] [2025-02-18T11:30:17.664Z] >>> [apiv2][(partial)header] GET https://serviceusage.googleapis.com/v1/projects/netflix-clone-22a83/services/cloudfunctions.googleapis.com x-goog-quota-user=projects/netflix-clone-22a83
[debug] [2025-02-18T11:30:17.665Z] >>> [apiv2][query] GET https://serviceusage.googleapis.com/v1/projects/netflix-clone-22a83/services/runtimeconfig.googleapis.com [none]
[debug] [2025-02-18T11:30:17.665Z] >>> [apiv2][(partial)header] GET https://serviceusage.googleapis.com/v1/projects/netflix-clone-22a83/services/runtimeconfig.googleapis.com x-goog-quota-user=projects/netflix-clone-22a83
[debug] [2025-02-18T11:30:18.832Z] <<< [apiv2][status] GET https://serviceusage.googleapis.com/v1/projects/netflix-clone-22a83/services/runtimeconfig.googleapis.com 200
[debug] [2025-02-18T11:30:18.832Z] <<< [apiv2][body] GET https://serviceusage.googleapis.com/v1/projects/netflix-clone-22a83/services/runtimeconfig.googleapis.com [omitted]
[debug] [2025-02-18T11:30:18.841Z] <<< [apiv2][status] GET https://serviceusage.googleapis.com/v1/projects/netflix-clone-22a83/services/cloudfunctions.googleapis.com 200
[debug] [2025-02-18T11:30:18.841Z] <<< [apiv2][body] GET https://serviceusage.googleapis.com/v1/projects/netflix-clone-22a83/services/cloudfunctions.googleapis.com [omitted]
[info] Let's create a new codebase for your functions.
[info] A directory corresponding to the codebase will be created in your project
[info] with sample code pre-configured.

[info] See https://firebase.google.com/docs/functions/organize-functions for
[info] more information on organizing your functions using codebases.

[info] Functions can be deployed with firebase deploy.

[debug] [2025-02-18T11:33:37.604Z] ----------------------------------------------------------------------
[debug] [2025-02-18T11:33:37.607Z] Command:       C:\Program Files\nodejs\node.exe C:\Users\tingtinghu321\AppData\Roaming\npm\node_modules\firebase-tools\lib\bin\firebase.js init functions
[debug] [2025-02-18T11:33:37.607Z] CLI Version:   13.31.1
[debug] [2025-02-18T11:33:37.607Z] Platform:      win32
[debug] [2025-02-18T11:33:37.607Z] Node Version:  v22.11.0
[debug] [2025-02-18T11:33:37.608Z] Time:          Tue Feb 18 2025 19:33:37 GMT+0800 (台北標準時間)
[debug] [2025-02-18T11:33:37.608Z] ----------------------------------------------------------------------
[debug] 
[debug] [2025-02-18T11:33:37.615Z] > command requires scopes: ["email","openid","https://www.googleapis.com/auth/cloudplatformprojects.readonly","https://www.googleapis.com/auth/firebase","https://www.googleapis.com/auth/cloud-platform"]
[debug] [2025-02-18T11:33:37.615Z] > authorizing via signed-in user (yutinghu813@gmail.com)
[info] 
     ######## #### ########  ######## ########     ###     ######  ########
     ##        ##  ##     ## ##       ##     ##  ##   ##  ##       ##
     ######    ##  ########  ######   ########  #########  ######  ######
     ##        ##  ##    ##  ##       ##     ## ##     ##       ## ##
     ##       #### ##     ## ######## ########  ##     ##  ######  ########

You're about to initialize a Firebase project in this directory:

  C:\Users\tingtinghu321\Desktop\code\netflix-clone

[info] 
=== Project Setup
[info] 
[info] First, let's associate this project directory with a Firebase project.
[info] You can create multiple project aliases by running firebase use --add, 
[info] but for now we'll just set up a default project.
[info] 
[debug] [2025-02-18T11:33:43.021Z] Checked if tokens are valid: false, expires at: 1739879255906
[debug] [2025-02-18T11:33:43.022Z] Checked if tokens are valid: false, expires at: 1739879255906
[debug] [2025-02-18T11:33:43.022Z] > refreshing access token with scopes: []
[debug] [2025-02-18T11:33:43.024Z] >>> [apiv2][query] POST https://www.googleapis.com/oauth2/v3/token [none]
[debug] [2025-02-18T11:33:43.024Z] >>> [apiv2][body] POST https://www.googleapis.com/oauth2/v3/token [omitted]
[debug] [2025-02-18T11:33:43.134Z] <<< [apiv2][status] POST https://www.googleapis.com/oauth2/v3/token 200
[debug] [2025-02-18T11:33:43.134Z] <<< [apiv2][body] POST https://www.googleapis.com/oauth2/v3/token [omitted]
[debug] [2025-02-18T11:33:43.143Z] >>> [apiv2][query] GET https://firebase.googleapis.com/v1beta1/projects pageSize=100
[debug] [2025-02-18T11:33:43.649Z] <<< [apiv2][status] GET https://firebase.googleapis.com/v1beta1/projects 200
[debug] [2025-02-18T11:33:43.649Z] <<< [apiv2][body] GET https://firebase.googleapis.com/v1beta1/projects [omitted]
[info] i  Using project netflix-clone-22a83 (netflix-clone) 
[info] 
=== Functions Setup
[debug] [2025-02-18T11:33:46.111Z] > command requires scopes: ["email","openid","https://www.googleapis.com/auth/cloudplatformprojects.readonly","https://www.googleapis.com/auth/firebase","https://www.googleapis.com/auth/cloud-platform"]
[debug] [2025-02-18T11:33:46.111Z] > authorizing via signed-in user (yutinghu813@gmail.com)
[debug] [2025-02-18T11:33:46.111Z] [iam] checking project netflix-clone-22a83 for permissions ["firebase.projects.get"]
[debug] [2025-02-18T11:33:46.111Z] Checked if tokens are valid: true, expires at: 1739882022134
[debug] [2025-02-18T11:33:46.111Z] Checked if tokens are valid: true, expires at: 1739882022134
[debug] [2025-02-18T11:33:46.111Z] >>> [apiv2][query] POST https://cloudresourcemanager.googleapis.com/v1/projects/netflix-clone-22a83:testIamPermissions [none]
[debug] [2025-02-18T11:33:46.111Z] >>> [apiv2][(partial)header] POST https://cloudresourcemanager.googleapis.com/v1/projects/netflix-clone-22a83:testIamPermissions x-goog-quota-user=projects/netflix-clone-22a83
[debug] [2025-02-18T11:33:46.112Z] >>> [apiv2][body] POST https://cloudresourcemanager.googleapis.com/v1/projects/netflix-clone-22a83:testIamPermissions {"permissions":["firebase.projects.get"]}
[debug] [2025-02-18T11:33:47.099Z] <<< [apiv2][status] POST https://cloudresourcemanager.googleapis.com/v1/projects/netflix-clone-22a83:testIamPermissions 200
[debug] [2025-02-18T11:33:47.099Z] <<< [apiv2][body] POST https://cloudresourcemanager.googleapis.com/v1/projects/netflix-clone-22a83:testIamPermissions {"permissions":["firebase.projects.get"]}
[debug] [2025-02-18T11:33:47.101Z] Checked if tokens are valid: true, expires at: 1739882022134
[debug] [2025-02-18T11:33:47.101Z] Checked if tokens are valid: true, expires at: 1739882022134
[debug] [2025-02-18T11:33:47.101Z] Checked if tokens are valid: true, expires at: 1739882022134
[debug] [2025-02-18T11:33:47.102Z] Checked if tokens are valid: true, expires at: 1739882022134
[debug] [2025-02-18T11:33:47.102Z] >>> [apiv2][query] GET https://serviceusage.googleapis.com/v1/projects/netflix-clone-22a83/services/cloudfunctions.googleapis.com [none]
[debug] [2025-02-18T11:33:47.102Z] >>> [apiv2][(partial)header] GET https://serviceusage.googleapis.com/v1/projects/netflix-clone-22a83/services/cloudfunctions.googleapis.com x-goog-quota-user=projects/netflix-clone-22a83
[debug] [2025-02-18T11:33:47.106Z] >>> [apiv2][query] GET https://serviceusage.googleapis.com/v1/projects/netflix-clone-22a83/services/runtimeconfig.googleapis.com [none]
[debug] [2025-02-18T11:33:47.107Z] >>> [apiv2][(partial)header] GET https://serviceusage.googleapis.com/v1/projects/netflix-clone-22a83/services/runtimeconfig.googleapis.com x-goog-quota-user=projects/netflix-clone-22a83
[debug] [2025-02-18T11:33:47.452Z] <<< [apiv2][status] GET https://serviceusage.googleapis.com/v1/projects/netflix-clone-22a83/services/cloudfunctions.googleapis.com 200
[debug] [2025-02-18T11:33:47.453Z] <<< [apiv2][body] GET https://serviceusage.googleapis.com/v1/projects/netflix-clone-22a83/services/cloudfunctions.googleapis.com [omitted]
[debug] [2025-02-18T11:33:48.259Z] <<< [apiv2][status] GET https://serviceusage.googleapis.com/v1/projects/netflix-clone-22a83/services/runtimeconfig.googleapis.com 200
[debug] [2025-02-18T11:33:48.259Z] <<< [apiv2][body] GET https://serviceusage.googleapis.com/v1/projects/netflix-clone-22a83/services/runtimeconfig.googleapis.com [omitted]
[info] Let's create a new codebase for your functions.
[info] A directory corresponding to the codebase will be created in your project
[info] with sample code pre-configured.

[info] See https://firebase.google.com/docs/functions/organize-functions for
[info] more information on organizing your functions using codebases.

[info] Functions can be deployed with firebase deploy.

[info] +  Wrote functions/package.json 
[info] +  Wrote functions/.eslintrc.js 
[info] +  Wrote functions/tsconfig.json 
[info] +  Wrote functions/tsconfig.dev.json 
[info] +  Wrote functions/src/index.ts 
[info] +  Wrote functions/.gitignore 
